{
  "RSpec": {
    "coverage": {
      "/home/helpful-monitor-1049/tic-tac-toe-rb-ruby-apply-000/lib/tic_tac_toe.rb": [
        null,
        null,
        1,
        null,
        null,
        null,
        null,
        null,
        null,
        null,
        null,
        null,
        null,
        1,
        19,
        19,
        19,
        19,
        19,
        null,
        null,
        1,
        18,
        null,
        null,
        1,
        18,
        null,
        null,
        1,
        20,
        null,
        null,
        1,
        18,
        null,
        null,
        1,
        2,
        2,
        18,
        5,
        null,
        null,
        2,
        null,
        null,
        null,
        1,
        1,
        1,
        null,
        0,
        null,
        null,
        null,
        1,
        15,
        15,
        15,
        15,
        14,
        14,
        null,
        1,
        null,
        null,
        null,
        1,
        67,
        null,
        273,
        475,
        null,
        37,
        null,
        236,
        277,
        null,
        6,
        null,
        230,
        null,
        null,
        null,
        null,
        1,
        47,
        189,
        null,
        null,
        null,
        null,
        1,
        30,
        4,
        null,
        null,
        null,
        1,
        16,
        10,
        null,
        6,
        null,
        null,
        null,
        null,
        1,
        14,
        26,
        null,
        null,
        null,
        null,
        null,
        null,
        null,
        null,
        1,
        24,
        12,
        12,
        null,
        null,
        24,
        11,
        11,
        null,
        24,
        5,
        null,
        null,
        null,
        null
      ]
    },
    "timestamp": 1603841102
  }
}
