{
  "RSpec": {
    "coverage": {
      "/home/helpful-monitor-1049/tic-tac-toe-rb-ruby-apply-000/lib/tic_tac_toe.rb": [
        null,
        null,
        1,
        null,
        null,
        null,
        null,
        null,
        null,
        null,
        null,
        null,
        null,
        1,
        16,
        16,
        16,
        16,
        16,
        null,
        null,
        1,
        16,
        null,
        null,
        1,
        16,
        null,
        null,
        1,
        16,
        null,
        null,
        1,
        16,
        null,
        null,
        1,
        16,
        16,
        144,
        26,
        null,
        null,
        16,
        null,
        null,
        null,
        1,
        16,
        10,
        null,
        6,
        null,
        null,
        null,
        1,
        16,
        16,
        16,
        16,
        16,
        16,
        null,
        0,
        null,
        null,
        null,
        1,
        65,
        null,
        444,
        778,
        null,
        33,
        null,
        411,
        500,
        null,
        4,
        null,
        407,
        null,
        null,
        null,
        null,
        1,
        49,
        223,
        null,
        null,
        null,
        null,
        1,
        32,
        2,
        null,
        null,
        null,
        1,
        17,
        8,
        null,
        9,
        null,
        null,
        null,
        null,
        1,
        11,
        22,
        null,
        null,
        null,
        null,
        null,
        null,
        null,
        null,
        1,
        28,
        16,
        16,
        null,
        null,
        28,
        11,
        11,
        null,
        28,
        5,
        null,
        null,
        null,
        null
      ]
    },
    "timestamp": 1603842787
  }
}
